<?xml version="1.0" encoding="UTF-8"?>
<!-- Generated by org.testng.reporters.JUnitReportReporter -->
<testsuite skipped="0" hostname="DESKTOP-9IA1RTS" name="testcases.TC_001" tests="1" failures="0" timestamp="11 Dec 2017 12:56:42 GMT" time="11.297" errors="0">
  <testcase name="test1" time="11.297" classname="testcases.TC_001"/>
</testsuite> <!-- testcases.TC_001 -->
