<?xml version="1.0" encoding="UTF-8"?>
<!-- Generated by org.testng.reporters.JUnitReportReporter -->
<testsuite skipped="0" hostname="DESKTOP-9IA1RTS" name="testcases.TC_003" tests="1" failures="0" timestamp="10 Dec 2017 18:00:23 GMT" time="9.171" errors="0">
  <testcase name="test1" time="9.171" classname="testcases.TC_003"/>
</testsuite> <!-- testcases.TC_003 -->
