<?xml version="1.0" encoding="UTF-8"?>
<!-- Generated by org.testng.reporters.JUnitReportReporter -->
<testsuite skipped="0" hostname="DESKTOP-9IA1RTS" name="testcases.TC_002" tests="1" failures="0" timestamp="10 Dec 2017 18:00:23 GMT" time="9.095" errors="0">
  <testcase name="test1" time="9.095" classname="testcases.TC_002"/>
</testsuite> <!-- testcases.TC_002 -->
